<?xml version="1.0" encoding="UTF-8"?>
<!-- Generated by org.testng.reporters.JUnitXMLReporter -->
<testsuite hostname="DESKTOP-DR53LUO" name="Default test" tests="10" failures="0" timestamp="19 Oct 2016 06:03:34 GMT" time="181.722" errors="0">
  <testcase name="testSearch" time="16.899" classname="com.dsi.suites.DataProviderSearch"/>
  <testcase name="testSearch" time="16.499" classname="com.dsi.suites.DataProviderSearch"/>
  <testcase name="testSearch" time="16.366" classname="com.dsi.suites.DataProviderSearch"/>
  <testcase name="testSearch" time="16.303" classname="com.dsi.suites.DataProviderSearch"/>
  <testcase name="testSearch" time="16.613" classname="com.dsi.suites.DataProviderSearch"/>
  <testcase name="testSearch" time="16.416" classname="com.dsi.suites.DataProviderSearch"/>
  <testcase name="testSearch" time="16.642" classname="com.dsi.suites.DataProviderSearch"/>
  <testcase name="testSearch" time="16.23" classname="com.dsi.suites.DataProviderSearch"/>
  <testcase name="testSearch" time="16.205" classname="com.dsi.suites.DataProviderSearch"/>
  <testcase name="testSearch" time="16.294" classname="com.dsi.suites.DataProviderSearch"/>
</testsuite> <!-- Default test -->
