<?xml version="1.0" encoding="UTF-8"?>
<testng-results skipped="0" failed="0" total="10" passed="10">
  <reporter-output>
  </reporter-output>
  <suite name="Default suite" duration-ms="181722" started-at="2016-10-19T06:00:32Z" finished-at="2016-10-19T06:03:34Z">
    <groups>
    </groups>
    <test name="Default test" duration-ms="181722" started-at="2016-10-19T06:00:32Z" finished-at="2016-10-19T06:03:34Z">
      <class name="com.dsi.suites.DataProviderSearch">
        <test-method status="PASS" signature="setUp()[pri:0, instance:com.dsi.suites.DataProviderSearch@18be83e4]" name="setUp" is-config="true" duration-ms="10775" started-at="2016-10-19T12:00:32Z" finished-at="2016-10-19T12:00:43Z">
          <reporter-output>
          </reporter-output>
        </test-method> <!-- setUp -->
        <test-method status="PASS" signature="doLogin()[pri:0, instance:com.dsi.suites.DataProviderSearch@18be83e4]" name="doLogin" is-config="true" duration-ms="5444" started-at="2016-10-19T12:00:43Z" finished-at="2016-10-19T12:00:49Z">
          <reporter-output>
          </reporter-output>
        </test-method> <!-- doLogin -->
        <test-method status="PASS" signature="testSearch(org.json.simple.JSONObject)[pri:0, instance:com.dsi.suites.DataProviderSearch@18be83e4]" name="testSearch" duration-ms="16899" started-at="2016-10-19T12:00:49Z" data-provider="getData" finished-at="2016-10-19T12:01:06Z">
          <params>
            <param index="0">
              <value>
                <![CDATA[{"valid":{"bankAccount":1234567,"teamName":"beta","firstName":"abuu","lastName":"umair","NID":1234,"otherName":"jihan","projectName":"bravo","email":"abu@gmail.com"}}]]>
              </value>
            </param>
          </params>
          <reporter-output>
          </reporter-output>
        </test-method> <!-- testSearch -->
        <test-method status="PASS" signature="testSearch(org.json.simple.JSONObject)[pri:0, instance:com.dsi.suites.DataProviderSearch@18be83e4]" name="testSearch" duration-ms="16499" started-at="2016-10-19T12:01:06Z" data-provider="getData" finished-at="2016-10-19T12:01:22Z">
          <params>
            <param index="0">
              <value>
                <![CDATA[{"invalid":{"bankAccount":"","teamName":"","firstName":"abuu","lastName":"","NID":"","otherName":"","projectName":"","email":""}}]]>
              </value>
            </param>
          </params>
          <reporter-output>
          </reporter-output>
        </test-method> <!-- testSearch -->
        <test-method status="PASS" signature="testSearch(org.json.simple.JSONObject)[pri:0, instance:com.dsi.suites.DataProviderSearch@18be83e4]" name="testSearch" duration-ms="16366" started-at="2016-10-19T12:01:22Z" data-provider="getData" finished-at="2016-10-19T12:01:38Z">
          <params>
            <param index="0">
              <value>
                <![CDATA[{"valid":{"bankAccount":"","teamName":"","firstName":"","lastName":"Ahmed","NID":"","otherName":"","projectName":"","email":""}}]]>
              </value>
            </param>
          </params>
          <reporter-output>
          </reporter-output>
        </test-method> <!-- testSearch -->
        <test-method status="PASS" signature="testSearch(org.json.simple.JSONObject)[pri:0, instance:com.dsi.suites.DataProviderSearch@18be83e4]" name="testSearch" duration-ms="16303" started-at="2016-10-19T12:01:38Z" data-provider="getData" finished-at="2016-10-19T12:01:55Z">
          <params>
            <param index="0">
              <value>
                <![CDATA[{"invalid":{"bankAccount":"","teamName":"","firstName":"","lastName":"","NID":"","otherName":"jihan","projectName":"","email":""}}]]>
              </value>
            </param>
          </params>
          <reporter-output>
          </reporter-output>
        </test-method> <!-- testSearch -->
        <test-method status="PASS" signature="testSearch(org.json.simple.JSONObject)[pri:0, instance:com.dsi.suites.DataProviderSearch@18be83e4]" name="testSearch" duration-ms="16613" started-at="2016-10-19T12:01:55Z" data-provider="getData" finished-at="2016-10-19T12:02:11Z">
          <params>
            <param index="0">
              <value>
                <![CDATA[{"invalid":{"bankAccount":1234567,"teamName":"","firstName":"","lastName":"","NID":"","otherName":"","projectName":"","email":""}}]]>
              </value>
            </param>
          </params>
          <reporter-output>
          </reporter-output>
        </test-method> <!-- testSearch -->
        <test-method status="PASS" signature="testSearch(org.json.simple.JSONObject)[pri:0, instance:com.dsi.suites.DataProviderSearch@18be83e4]" name="testSearch" duration-ms="16416" started-at="2016-10-19T12:02:11Z" data-provider="getData" finished-at="2016-10-19T12:02:28Z">
          <params>
            <param index="0">
              <value>
                <![CDATA[{"invalid":{"bankAccount":"","teamName":"","firstName":"","lastName":"","NID":1234,"otherName":"","projectName":"","email":""}}]]>
              </value>
            </param>
          </params>
          <reporter-output>
          </reporter-output>
        </test-method> <!-- testSearch -->
        <test-method status="PASS" signature="testSearch(org.json.simple.JSONObject)[pri:0, instance:com.dsi.suites.DataProviderSearch@18be83e4]" name="testSearch" duration-ms="16642" started-at="2016-10-19T12:02:28Z" data-provider="getData" finished-at="2016-10-19T12:02:44Z">
          <params>
            <param index="0">
              <value>
                <![CDATA[{"invalid":{"bankAccount":"","teamName":"","firstName":"","lastName":"","NID":"","otherName":"","projectName":"","email":"abu@gmail.com"}}]]>
              </value>
            </param>
          </params>
          <reporter-output>
          </reporter-output>
        </test-method> <!-- testSearch -->
        <test-method status="PASS" signature="testSearch(org.json.simple.JSONObject)[pri:0, instance:com.dsi.suites.DataProviderSearch@18be83e4]" name="testSearch" duration-ms="16230" started-at="2016-10-19T12:02:44Z" data-provider="getData" finished-at="2016-10-19T12:03:01Z">
          <params>
            <param index="0">
              <value>
                <![CDATA[{"invalid":{"bankAccount":"","teamName":"beta","firstName":"","lastName":"","NID":"","otherName":"","projectName":"","email":""}}]]>
              </value>
            </param>
          </params>
          <reporter-output>
          </reporter-output>
        </test-method> <!-- testSearch -->
        <test-method status="PASS" signature="testSearch(org.json.simple.JSONObject)[pri:0, instance:com.dsi.suites.DataProviderSearch@18be83e4]" name="testSearch" duration-ms="16205" started-at="2016-10-19T12:03:01Z" data-provider="getData" finished-at="2016-10-19T12:03:17Z">
          <params>
            <param index="0">
              <value>
                <![CDATA[{"valid":{"bankAccount":"","teamName":"","firstName":"","lastName":"","NID":"","otherName":"","projectName":"bravo","email":""}}]]>
              </value>
            </param>
          </params>
          <reporter-output>
          </reporter-output>
        </test-method> <!-- testSearch -->
        <test-method status="PASS" signature="testSearch(org.json.simple.JSONObject)[pri:0, instance:com.dsi.suites.DataProviderSearch@18be83e4]" name="testSearch" duration-ms="16294" started-at="2016-10-19T12:03:17Z" data-provider="getData" finished-at="2016-10-19T12:03:33Z">
          <params>
            <param index="0">
              <value>
                <![CDATA[{"valid":{"bankAccount":"","teamName":"","firstName":"emp2","lastName":"","NID":"","otherName":"","projectName":"","email":""}}]]>
              </value>
            </param>
          </params>
          <reporter-output>
          </reporter-output>
        </test-method> <!-- testSearch -->
        <test-method status="PASS" signature="tearDown()[pri:0, instance:com.dsi.suites.DataProviderSearch@18be83e4]" name="tearDown" is-config="true" duration-ms="989" started-at="2016-10-19T12:03:33Z" finished-at="2016-10-19T12:03:34Z">
          <reporter-output>
          </reporter-output>
        </test-method> <!-- tearDown -->
      </class> <!-- com.dsi.suites.DataProviderSearch -->
    </test> <!-- Default test -->
  </suite> <!-- Default suite -->
</testng-results>
