<?xml version="1.0" encoding="UTF-8"?>
<!-- Generated by org.testng.reporters.JUnitXMLReporter -->
<testsuite hostname="DESKTOP-DR53LUO" name="Nopackage" tests="4" failures="0" timestamp="6 Sep 2016 07:15:58 GMT" time="54.35" errors="0">
  <testcase name="test_blankLogin" time="11.361" classname="com.dsi.suites.LoginTest"/>
  <testcase name="test_blankLoginWithPassword" time="10.668" classname="com.dsi.suites.LoginTest"/>
  <testcase name="LoginWithUsernameAndPasswordInvalid" time="10.865" classname="com.dsi.suites.LoginTest"/>
  <testcase name="LoginWithUsernamePassword" time="10.569" classname="com.dsi.suites.LoginTest"/>
</testsuite> <!-- Nopackage -->
