<?xml version="1.0" encoding="UTF-8"?>
<!-- Generated by org.testng.reporters.JUnitXMLReporter -->
<testsuite hostname="DESKTOP-DR53LUO" name="RegressionTest" tests="7" failures="0" timestamp="20 Sep 2016 06:30:34 GMT" time="56.713" errors="0">
  <testcase name="testURL" time="0.38" classname="com.dsi.suites.LoginTest"/>
  <testcase name="test_blankLogin" time="4.414" classname="com.dsi.suites.LoginTest"/>
  <testcase name="LoginWithValidUsernameAndPasswordBlank" time="5.201" classname="com.dsi.suites.LoginTest"/>
  <testcase name="LoginWithBlankUsernameAndValidPassword" time="4.409" classname="com.dsi.suites.LoginTest"/>
  <testcase name="LoginWithIncorrectUsernamePassword" time="4.516" classname="com.dsi.suites.LoginTest"/>
  <testcase name="LoginWithCaseSensitiveUsernameAndValidPassword" time="19.925" classname="com.dsi.suites.LoginTest"/>
  <testcase name="loginWithValidCredentials" time="4.645" classname="com.dsi.suites.LoginTest"/>
</testsuite> <!-- RegressionTest -->
